<?xml version="1.0" encoding="UTF-8"?>
<!-- Generated by org.testng.reporters.JUnitXMLReporter -->
<testsuite ignored="2" hostname="LAPTOP-I9E6F5DM" failures="0" tests="1" name="Default test" time="6.175" errors="0" timestamp="2022-04-21T18:25:35 EDT">
  <testcase classname="pack3.HandleMultipleWindows" name="explicitWaitMechanism" time="6.149"/>
  <testcase classname="pack3.HandleMultipleWindows" name="displayText" time="0.0">
    <ignored/>
  </testcase> <!-- displayText -->
  <testcase classname="pack3.HandleMultipleWindows" name="goToFacebook" time="0.0">
    <ignored/>
  </testcase> <!-- goToFacebook -->
</testsuite> <!-- Default test -->
