<?xml version="1.0" encoding="UTF-8"?>
<!-- Generated by org.testng.reporters.JUnitXMLReporter -->
<testsuite ignored="5" hostname="LAPTOP-I9E6F5DM" failures="0" tests="1" name="Default test" time="6.782" errors="0" timestamp="2022-04-21T21:53:59 EDT">
  <testcase classname="pack4.ListPracticeTest" name="javascriptExecutor3" time="6.76"/>
  <testcase classname="pack4.ListPracticeTest" name="javascriptExecutor2" time="0.0">
    <ignored/>
  </testcase> <!-- javascriptExecutor2 -->
  <testcase classname="pack4.ListPracticeTest" name="accessAlertPopup" time="0.0">
    <ignored/>
  </testcase> <!-- accessAlertPopup -->
  <testcase classname="pack4.ListPracticeTest" name="javascriptExecutor" time="0.0">
    <ignored/>
  </testcase> <!-- javascriptExecutor -->
  <testcase classname="pack4.ListPracticeTest" name="selectElement2" time="0.0">
    <ignored/>
  </testcase> <!-- selectElement2 -->
  <testcase classname="pack4.ListPracticeTest" name="selectElement" time="0.0">
    <ignored/>
  </testcase> <!-- selectElement -->
</testsuite> <!-- Default test -->
