<?xml version="1.0" encoding="UTF-8"?>
<testng-results ignored="5" total="6" passed="1" failed="0" skipped="0">
  <reporter-output>
  </reporter-output>
  <suite started-at="2022-04-21T21:53:52 EDT" name="Default suite" finished-at="2022-04-21T21:53:59 EDT" duration-ms="6782">
    <groups>
    </groups>
    <test started-at="2022-04-21T21:53:52 EDT" name="Default test" finished-at="2022-04-21T21:53:59 EDT" duration-ms="6782">
      <class name="pack4.ListPracticeTest">
        <test-method signature="javascriptExecutor3()[pri:0, instance:pack4.ListPracticeTest@6aba2b86]" started-at="2022-04-21T21:53:52 EDT" name="javascriptExecutor3" finished-at="2022-04-21T21:53:59 EDT" duration-ms="6760" status="PASS">
          <reporter-output>
          </reporter-output>
        </test-method> <!-- javascriptExecutor3 -->
      </class> <!-- pack4.ListPracticeTest -->
    </test> <!-- Default test -->
  </suite> <!-- Default suite -->
</testng-results>
